app/build/outputs/apk/manifest-merger-debug-report.txt
-- Merging decision tree log ---
manifest
ADDED from AndroidManifest.xml:2:1
	package
		ADDED from AndroidManifest.xml:4:5
		INJECTED from AndroidManifest.xml:0:0
		INJECTED from AndroidManifest.xml:0:0
	android:versionName
		ADDED from AndroidManifest.xml:6:5
		INJECTED from AndroidManifest.xml:0:0
		INJECTED from AndroidManifest.xml:0:0
	xmlns:tools
		ADDED from AndroidManifest.xml:3:5
	android:versionCode
		ADDED from AndroidManifest.xml:5:5
		INJECTED from AndroidManifest.xml:0:0
		INJECTED from AndroidManifest.xml:0:0
	xmlns:android
		ADDED from AndroidManifest.xml:2:11
	android:installLocation
		ADDED from AndroidManifest.xml:7:5
uses-sdk
ADDED from AndroidManifest.xml:9:5
MERGED from com.android.support:appcompat-v7:21.0.3:15:5
MERGED from com.android.support:support-v4:21.0.3:15:5
MERGED from com.android.support:support-v4:21.0.3:15:5
MERGED from com.android.support:appcompat-v7:21.0.3:15:5
MERGED from com.android.support:support-v4:21.0.3:15:5
MERGED from SanaMobile:api-android:unspecified:7:5
MERGED from com.android.support:support-v4:21.0.3:15:5
	android:targetSdkVersion
		ADDED from AndroidManifest.xml:11:9
		INJECTED from AndroidManifest.xml:0:0
		INJECTED from AndroidManifest.xml:0:0
	android:minSdkVersion
		ADDED from AndroidManifest.xml:10:9
		INJECTED from AndroidManifest.xml:0:0
		INJECTED from AndroidManifest.xml:0:0
uses-permission#android.permission.MOUNT_UNMOUNT_FILESYSTEMS
ADDED from AndroidManifest.xml:13:5
	android:name
		ADDED from AndroidManifest.xml:13:22
uses-permission#android.permission.WRITE_EXTERNAL_STORAGE
ADDED from AndroidManifest.xml:14:5
	android:name
		ADDED from AndroidManifest.xml:14:22
uses-permission#android.permission.INTERNET
ADDED from AndroidManifest.xml:15:5
	android:name
		ADDED from AndroidManifest.xml:15:22
uses-permission#android.permission.RECEIVE_SMS
ADDED from AndroidManifest.xml:16:5
	android:name
		ADDED from AndroidManifest.xml:16:22
uses-permission#android.permission.CAMERA
ADDED from AndroidManifest.xml:17:5
	android:name
		ADDED from AndroidManifest.xml:17:22
uses-permission#android.permission.RECORD_AUDIO
ADDED from AndroidManifest.xml:18:5
	android:name
		ADDED from AndroidManifest.xml:18:22
uses-permission#android.permission.VIBRATE
ADDED from AndroidManifest.xml:19:5
	android:name
		ADDED from AndroidManifest.xml:19:22
uses-permission#android.permission.ACCESS_PHONE_SUB_INFO
ADDED from AndroidManifest.xml:20:5
	android:name
		ADDED from AndroidManifest.xml:20:22
uses-permission#android.permission.READ_PHONE_STATE
ADDED from AndroidManifest.xml:21:5
	android:name
		ADDED from AndroidManifest.xml:21:22
uses-permission#android.permission.ACCESS_WIFI_STATE
ADDED from AndroidManifest.xml:22:5
	android:name
		ADDED from AndroidManifest.xml:22:22
uses-permission#android.permission.CHANGE_WIFI_STATE
ADDED from AndroidManifest.xml:23:5
	android:name
		ADDED from AndroidManifest.xml:23:22
uses-permission#android.permission.ACCESS_FINE_LOCATION
ADDED from AndroidManifest.xml:24:5
	android:name
		ADDED from AndroidManifest.xml:24:22
uses-permission#android.permission.ACCESS_NETWORK_STATE
ADDED from AndroidManifest.xml:25:5
	android:name
		ADDED from AndroidManifest.xml:25:22
uses-permission#android.permission.CALL_PHONE
ADDED from AndroidManifest.xml:26:5
	android:name
		ADDED from AndroidManifest.xml:26:22
application
ADDED from AndroidManifest.xml:28:5
MERGED from com.android.support:appcompat-v7:21.0.3:16:5
MERGED from com.android.support:support-v4:21.0.3:16:5
MERGED from com.android.support:support-v4:21.0.3:16:5
MERGED from com.android.support:appcompat-v7:21.0.3:16:5
MERGED from com.android.support:support-v4:21.0.3:16:5
MERGED from SanaMobile:api-android:unspecified:11:5
MERGED from com.android.support:support-v4:21.0.3:16:5
	android:label
		ADDED from AndroidManifest.xml:31:9
	android:icon
		ADDED from AndroidManifest.xml:30:9
		REJECTED from SanaMobile:api-android:unspecified:13:9
	android:allowBackup
		ADDED from SanaMobile:api-android:unspecified:12:9
	android:theme
		ADDED from AndroidManifest.xml:31:42
		REJECTED from SanaMobile:api-android:unspecified:15:9
	tools:replace
		ADDED from AndroidManifest.xml:29:9
meta-data#local_build
ADDED from AndroidManifest.xml:32:9
	android:value
		ADDED from AndroidManifest.xml:32:47
	android:name
		ADDED from AndroidManifest.xml:32:20
service#org.sana.android.service.BackgroundUploader
ADDED from AndroidManifest.xml:34:9
	android:enabled
		ADDED from AndroidManifest.xml:36:13
	android:label
		ADDED from AndroidManifest.xml:38:13
	android:icon
		ADDED from AndroidManifest.xml:37:13
	android:name
		ADDED from AndroidManifest.xml:35:13
provider#org.sana.android.db.impl.ModelContentProviderImpl
ADDED from AndroidManifest.xml:40:9
	android:authorities
		ADDED from AndroidManifest.xml:42:13
	android:grantUriPermissions
		ADDED from AndroidManifest.xml:43:13
	android:name
		ADDED from AndroidManifest.xml:41:13
provider#org.sana.android.db.ImageProvider
ADDED from AndroidManifest.xml:46:9
	android:authorities
		ADDED from AndroidManifest.xml:48:13
	android:name
		ADDED from AndroidManifest.xml:47:13
provider#org.sana.android.db.SoundProvider
ADDED from AndroidManifest.xml:49:9
	android:authorities
		ADDED from AndroidManifest.xml:51:13
	android:name
		ADDED from AndroidManifest.xml:50:13
provider#org.sana.android.db.EducationResourceProvider
ADDED from AndroidManifest.xml:52:9
	android:authorities
		ADDED from AndroidManifest.xml:54:13
	android:name
		ADDED from AndroidManifest.xml:53:13
provider#org.sana.android.db.BinaryProvider
ADDED from AndroidManifest.xml:55:9
	android:authorities
		ADDED from AndroidManifest.xml:57:13
	android:name
		ADDED from AndroidManifest.xml:56:13
activity#org.sana.android.activity.PatientRunner
ADDED from AndroidManifest.xml:59:9
	android:label
		ADDED from AndroidManifest.xml:61:13
	android:name
		ADDED from AndroidManifest.xml:60:13
intent-filter#android.intent.action.INSERT+android.intent.action.INSERT_OR_EDIT+android.intent.category.DEFAULT
ADDED from AndroidManifest.xml:62:13
action#android.intent.action.INSERT
ADDED from AndroidManifest.xml:63:17
	android:name
		ADDED from AndroidManifest.xml:63:25
action#android.intent.action.INSERT_OR_EDIT
ADDED from AndroidManifest.xml:64:17
	android:name
		ADDED from AndroidManifest.xml:64:25
category#android.intent.category.DEFAULT
ADDED from AndroidManifest.xml:65:17
	android:name
		ADDED from AndroidManifest.xml:65:27
data
ADDED from AndroidManifest.xml:66:17
	android:mimeType
		ADDED from AndroidManifest.xml:66:23
activity#org.sana.android.activity.PatientsList
ADDED from AndroidManifest.xml:75:9
	android:screenOrientation
		ADDED from AndroidManifest.xml:78:13
	android:label
		ADDED from AndroidManifest.xml:77:13
	android:name
		ADDED from AndroidManifest.xml:76:13
intent-filter#android.intent.action.PICK+android.intent.category.DEFAULT
ADDED from AndroidManifest.xml:79:13
action#android.intent.action.PICK
ADDED from AndroidManifest.xml:80:17
	android:name
		ADDED from AndroidManifest.xml:80:25
intent-filter#android.intent.action.GET_CONTENT+android.intent.category.DEFAULT
ADDED from AndroidManifest.xml:89:13
action#android.intent.action.GET_CONTENT
ADDED from AndroidManifest.xml:90:17
	android:name
		ADDED from AndroidManifest.xml:90:25
activity#org.sana.android.activity.ProceduresList
ADDED from AndroidManifest.xml:100:9
	android:label
		ADDED from AndroidManifest.xml:102:13
	android:name
		ADDED from AndroidManifest.xml:101:13
intent-filter#android.intent.action.VIEW+android.intent.category.DEFAULT
ADDED from AndroidManifest.xml:103:13
action#android.intent.action.VIEW
ADDED from AndroidManifest.xml:104:17
	android:name
		ADDED from AndroidManifest.xml:104:25
activity#org.sana.android.activity.EncounterList
ADDED from AndroidManifest.xml:119:9
	android:screenOrientation
		ADDED from AndroidManifest.xml:122:13
	android:label
		ADDED from AndroidManifest.xml:121:13
	android:name
		ADDED from AndroidManifest.xml:120:13
activity#org.sana.android.activity.EncounterTaskList
ADDED from AndroidManifest.xml:140:9
	android:screenOrientation
		ADDED from AndroidManifest.xml:143:13
	android:label
		ADDED from AndroidManifest.xml:142:13
	android:name
		ADDED from AndroidManifest.xml:141:13
activity#org.sana.android.activity.NotificationList
ADDED from AndroidManifest.xml:160:9
	android:label
		ADDED from AndroidManifest.xml:162:13
	android:name
		ADDED from AndroidManifest.xml:161:13
intent-filter#android.intent.action.PICK+android.intent.action.VIEW+android.intent.category.DEFAULT
ADDED from AndroidManifest.xml:163:13
activity#org.sana.android.activity.EducationResourceList
ADDED from AndroidManifest.xml:175:9
	android:label
		ADDED from AndroidManifest.xml:177:13
	android:name
		ADDED from AndroidManifest.xml:176:13
activity#org.sana.android.activity.ProcedureSdImporter
ADDED from AndroidManifest.xml:190:9
	android:name
		ADDED from AndroidManifest.xml:190:19
intent-filter#android.intent.category.DEFAULT+org.sana.android.activity.IMPORT_PROCEDURE
ADDED from AndroidManifest.xml:191:13
action#org.sana.android.activity.IMPORT_PROCEDURE
ADDED from AndroidManifest.xml:192:17
	android:name
		ADDED from AndroidManifest.xml:192:25
activity#org.sana.android.activity.ProcedureRunner
ADDED from AndroidManifest.xml:196:9
	android:label
		ADDED from AndroidManifest.xml:198:13
	android:configChanges
		ADDED from AndroidManifest.xml:198:60
	android:name
		ADDED from AndroidManifest.xml:197:13
intent-filter#android.intent.action.EDIT+android.intent.category.DEFAULT
ADDED from AndroidManifest.xml:204:13
action#android.intent.action.EDIT
ADDED from AndroidManifest.xml:205:17
	android:name
		ADDED from AndroidManifest.xml:205:25
intent-filter#android.intent.action.RUN+android.intent.category.DEFAULT
ADDED from AndroidManifest.xml:209:13
action#android.intent.action.RUN
ADDED from AndroidManifest.xml:210:17
	android:name
		ADDED from AndroidManifest.xml:210:25
intent-filter#android.intent.category.DEFAULT+org.sana.intent.action.EXECUTE_TASK
ADDED from AndroidManifest.xml:219:13
action#org.sana.intent.action.EXECUTE_TASK
ADDED from AndroidManifest.xml:220:17
	android:name
		ADDED from AndroidManifest.xml:220:25
activity#org.sana.android.activity.NotificationViewer
ADDED from AndroidManifest.xml:225:9
	android:label
		ADDED from AndroidManifest.xml:227:13
	android:name
		ADDED from AndroidManifest.xml:226:13
activity#org.sana.android.activity.settings.Settings
ADDED from AndroidManifest.xml:234:9
	android:label
		ADDED from AndroidManifest.xml:236:13
	android:name
		ADDED from AndroidManifest.xml:235:13
activity#org.sana.android.activity.settings.NetworkSettings
ADDED from AndroidManifest.xml:243:9
	android:label
		ADDED from AndroidManifest.xml:245:13
	android:name
		ADDED from AndroidManifest.xml:244:13
activity#org.sana.android.activity.settings.ResourceSettings
ADDED from AndroidManifest.xml:252:9
	android:label
		ADDED from AndroidManifest.xml:254:13
	android:name
		ADDED from AndroidManifest.xml:253:13
activity#org.sana.android.activity.Sana
ADDED from AndroidManifest.xml:261:9
	android:label
		ADDED from AndroidManifest.xml:263:13
	android:name
		ADDED from AndroidManifest.xml:262:13
activity#org.sana.android.activity.AuthenticationActivity
ADDED from AndroidManifest.xml:264:9
	android:screenOrientation
		ADDED from AndroidManifest.xml:266:13
	android:name
		ADDED from AndroidManifest.xml:265:13
activity#org.sana.android.activity.MainActivity
ADDED from AndroidManifest.xml:273:9
	android:screenOrientation
		ADDED from AndroidManifest.xml:276:13
	android:label
		ADDED from AndroidManifest.xml:275:13
	android:name
		ADDED from AndroidManifest.xml:274:13
intent-filter#android.intent.action.MAIN+android.intent.category.LAUNCHER
ADDED from AndroidManifest.xml:277:13
action#android.intent.action.MAIN
ADDED from AndroidManifest.xml:278:17
	android:name
		ADDED from AndroidManifest.xml:278:25
category#android.intent.category.LAUNCHER
ADDED from AndroidManifest.xml:279:17
	android:name
		ADDED from AndroidManifest.xml:279:27
intent-filter#android.intent.action.MAIN+android.intent.category.HOME+android.intent.category.LAUNCHER
ADDED from AndroidManifest.xml:281:13
category#android.intent.category.HOME
ADDED from AndroidManifest.xml:284:17
	android:name
		ADDED from AndroidManifest.xml:284:27
receiver#org.sana.android.net.SMSReceive
ADDED from AndroidManifest.xml:287:9
	android:name
		ADDED from AndroidManifest.xml:287:19
intent-filter#android.provider.Telephony.SMS_RECEIVED
ADDED from AndroidManifest.xml:288:13
action#android.provider.Telephony.SMS_RECEIVED
ADDED from AndroidManifest.xml:289:17
	android:name
		ADDED from AndroidManifest.xml:289:25
service#org.sana.android.service.impl.SessionService
ADDED from AndroidManifest.xml:292:9
	android:name
		ADDED from AndroidManifest.xml:292:18
intent-filter#org.sana.service.SessionService.START
ADDED from AndroidManifest.xml:293:13
action#org.sana.service.SessionService.START
ADDED from AndroidManifest.xml:294:17
	android:name
		ADDED from AndroidManifest.xml:294:25
intent-filter#org.sana.service.SessionService.BIND_REMOTE
ADDED from AndroidManifest.xml:296:13
action#org.sana.service.SessionService.BIND_REMOTE
ADDED from AndroidManifest.xml:297:17
	android:name
		ADDED from AndroidManifest.xml:297:25
service#org.sana.android.service.impl.DispatchService
ADDED from AndroidManifest.xml:300:9
	android:name
		ADDED from AndroidManifest.xml:300:18
intent-filter#org.sana.intent.action.CREATE+org.sana.intent.action.DELETE+org.sana.intent.action.READ+org.sana.intent.action.UPDATE
ADDED from AndroidManifest.xml:301:13
action#org.sana.intent.action.CREATE
ADDED from AndroidManifest.xml:302:17
	android:name
		ADDED from AndroidManifest.xml:302:25
action#org.sana.intent.action.READ
ADDED from AndroidManifest.xml:303:17
	android:name
		ADDED from AndroidManifest.xml:303:25
action#org.sana.intent.action.UPDATE
ADDED from AndroidManifest.xml:304:17
	android:name
		ADDED from AndroidManifest.xml:304:25
action#org.sana.intent.action.DELETE
ADDED from AndroidManifest.xml:305:17
	android:name
		ADDED from AndroidManifest.xml:305:25
intent-filter#org.sana.intent.action.READ
ADDED from AndroidManifest.xml:310:13
intent-filter#org.sana.intent.action.READ+org.sana.intent.action.UPDATE
ADDED from AndroidManifest.xml:316:13
service#org.sana.android.service.impl.ApplicationService
ADDED from AndroidManifest.xml:322:9
	android:name
		ADDED from AndroidManifest.xml:322:18
service#org.sana.android.service.impl.InstrumentationService
ADDED from AndroidManifest.xml:323:9
	android:name
		ADDED from AndroidManifest.xml:323:18
intent-filter#org.sana.android.intent.ACTION_RECORD_GPS
ADDED from AndroidManifest.xml:324:13
action#org.sana.android.intent.ACTION_RECORD_GPS
ADDED from AndroidManifest.xml:325:17
	android:name
		ADDED from AndroidManifest.xml:325:25
activity#org.sana.android.activity.ObservationList
ADDED from AndroidManifest.xml:329:9
	android:name
		ADDED from AndroidManifest.xml:329:19